FXC : warning X4717: Effects deprecated for D3DCompiler_47
F:\Uni\Year 3\Advanced Games Programming\CGP600 AE2\model_shaders.hlsl(26,25-61): warning X3206: 'dot': implicit truncation of vector type
  
  compilation object save succeeded; see F:\Uni\Year 3\Advanced Games Programming\CGP600 AE2\x64\Debug\model_shaders.cso
FXC : warning X4717: Effects deprecated for D3DCompiler_47
F:\Uni\Year 3\Advanced Games Programming\CGP600 AE2\shaders.hlsl(25,25-61): warning X3206: 'dot': implicit truncation of vector type
  
  compilation object save succeeded; see F:\Uni\Year 3\Advanced Games Programming\CGP600 AE2\x64\Debug\shaders.cso
FXC : warning X4717: Effects deprecated for D3DCompiler_47
  
  compilation object save succeeded; see F:\Uni\Year 3\Advanced Games Programming\CGP600 AE2\x64\Debug\text2D_shaders.cso
  text2D.cpp
f:\uni\year 3\advanced games programming\cgp600 ae2\text2d.h(5): fatal error C1083: Cannot open include file: 'd3dx11.h': No such file or directory
  Scene_Node.cpp
f:\uni\year 3\advanced games programming\cgp600 ae2\scene_node.h(3): fatal error C1083: Cannot open include file: 'd3dx11.h': No such file or directory
  Renderer.cpp
f:\uni\year 3\advanced games programming\cgp600 ae2\renderer.h(3): fatal error C1083: Cannot open include file: 'd3dx11.h': No such file or directory
  objfilemodel.cpp
f:\uni\year 3\advanced games programming\cgp600 ae2\objfilemodel.h(4): fatal error C1083: Cannot open include file: 'd3dx11.h': No such file or directory
  Mesh.cpp
f:\uni\year 3\advanced games programming\cgp600 ae2\mesh.h(4): fatal error C1083: Cannot open include file: 'd3dx11.h': No such file or directory
  Math.cpp
f:\uni\year 3\advanced games programming\cgp600 ae2\objfilemodel.h(4): fatal error C1083: Cannot open include file: 'd3dx11.h': No such file or directory
  Main.cpp
f:\uni\year 3\advanced games programming\cgp600 ae2\main.cpp(4): fatal error C1083: Cannot open include file: 'd3dx11.h': No such file or directory
  GameSystem.cpp
f:\uni\year 3\advanced games programming\cgp600 ae2\gamesystem.h(4): fatal error C1083: Cannot open include file: 'd3dx11.h': No such file or directory
  CXBOXController.cpp
  Camera.cpp
f:\uni\year 3\advanced games programming\cgp600 ae2\camera.h(4): fatal error C1083: Cannot open include file: 'd3dx11.h': No such file or directory
  Generating Code...
